
SQL*Loader: Release 11.2.0.2.0 - Production on Thu Apr 27 20:56:03 2023

Copyright (c) 1982, 2009, Oracle and/or its affiliates.  All rights reserved.

Control File:   loadData/loadPositions.ctl
Data File:      data/positions.csv
  Bad File:     loadData/positions.bad
  Discard File:  none specified
 
 (Allow all discards)

Number to load: ALL
Number to skip: 0
Errors allowed: 50
Bind array:     64 rows, maximum of 256000 bytes
Continuation:    none specified
Path used:      Conventional

Table POSITIONS, loaded from every logical record.
Insert option in effect for this table: INSERT

   Column Name                  Position   Len  Term Encl Datatype
------------------------------ ---------- ----- ---- ---- ---------------------
POSAB                               FIRST     *   ,  O(") CHARACTER            
POS                                  NEXT     *   ,  O(") CHARACTER            
UNIT                                 NEXT     *   ,  O(") CHARACTER            


Table POSITIONS:
  14 Rows successfully loaded.
  0 Rows not loaded due to data errors.
  0 Rows not loaded because all WHEN clauses were failed.
  0 Rows not loaded because all fields were null.


Space allocated for bind array:                  49536 bytes(64 rows)
Read   buffer bytes: 1048576

Total logical records skipped:          0
Total logical records read:            14
Total logical records rejected:         0
Total logical records discarded:        0

Run began on Thu Apr 27 20:56:03 2023
Run ended on Thu Apr 27 20:56:03 2023

Elapsed time was:     00:00:00.03
CPU time was:         00:00:00.01
