
SQL*Loader: Release 11.2.0.2.0 - Production on Mon May 8 01:50:06 2023

Copyright (c) 1982, 2009, Oracle and/or its affiliates.  All rights reserved.

Control File:   loadExc.ctl
Data File:      ../data/exercises4.csv
  Bad File:     exercises4.bad
  Discard File:  none specified
 
 (Allow all discards)

Number to load: ALL
Number to skip: 0
Errors allowed: 50
Bind array:     64 rows, maximum of 256000 bytes
Continuation:    none specified
Path used:      Conventional

Table EXERCISE, loaded from every logical record.
Insert option in effect for this table: APPEND

   Column Name                  Position   Len  Term Encl Datatype
------------------------------ ---------- ----- ---- ---- ---------------------
EX_ID                               FIRST     *   ,  O(") CHARACTER            
EX_NAME                              NEXT     *   ,  O(") CHARACTER            
EX_TYPE                              NEXT     *   ,  O(") CHARACTER            
EX_DESC                              NEXT     *   ,  O(") CHARACTER            
IDEAL_STAGE_ID                       NEXT     *   ,  O(") CHARACTER            

Record 9: Rejected - Error on table EXERCISE, column EX_DESC.
Field in data file exceeds maximum length
Record 10: Rejected - Error on table EXERCISE, column EX_DESC.
Field in data file exceeds maximum length
Record 11: Rejected - Error on table EXERCISE, column EX_DESC.
Field in data file exceeds maximum length
Record 12: Rejected - Error on table EXERCISE, column EX_DESC.
Field in data file exceeds maximum length
Record 13: Rejected - Error on table EXERCISE, column EX_DESC.
Field in data file exceeds maximum length
Record 14: Rejected - Error on table EXERCISE, column EX_DESC.
Field in data file exceeds maximum length
Record 15: Rejected - Error on table EXERCISE, column EX_DESC.
Field in data file exceeds maximum length
Record 16: Rejected - Error on table EXERCISE, column EX_DESC.
Field in data file exceeds maximum length
Record 17: Rejected - Error on table EXERCISE, column EX_DESC.
Field in data file exceeds maximum length
Record 18: Rejected - Error on table EXERCISE, column EX_DESC.
Field in data file exceeds maximum length
Record 19: Rejected - Error on table EXERCISE, column EX_DESC.
Field in data file exceeds maximum length
Record 20: Rejected - Error on table EXERCISE, column EX_DESC.
Field in data file exceeds maximum length
Record 21: Rejected - Error on table EXERCISE, column EX_DESC.
Field in data file exceeds maximum length
Record 22: Rejected - Error on table EXERCISE, column EX_DESC.
Field in data file exceeds maximum length
Record 23: Rejected - Error on table EXERCISE, column EX_DESC.
Field in data file exceeds maximum length
Record 24: Rejected - Error on table EXERCISE, column EX_DESC.
Field in data file exceeds maximum length
Record 25: Rejected - Error on table EXERCISE, column EX_DESC.
Field in data file exceeds maximum length
Record 1: Rejected - Error on table EXERCISE, column EX_ID.
ORA-01722: invalid number

Record 2: Rejected - Error on table EXERCISE.
ORA-00001: unique constraint (TIMMY.SYS_C007042) violated

Record 3: Rejected - Error on table EXERCISE.
ORA-00001: unique constraint (TIMMY.SYS_C007042) violated

Record 4: Rejected - Error on table EXERCISE.
ORA-00001: unique constraint (TIMMY.SYS_C007042) violated

Record 5: Rejected - Error on table EXERCISE.
ORA-00001: unique constraint (TIMMY.SYS_C007042) violated

Record 6: Rejected - Error on table EXERCISE.
ORA-00001: unique constraint (TIMMY.SYS_C007042) violated

Record 7: Rejected - Error on table EXERCISE.
ORA-00001: unique constraint (TIMMY.SYS_C007042) violated

Record 8: Rejected - Error on table EXERCISE.
ORA-00001: unique constraint (TIMMY.SYS_C007042) violated


Table EXERCISE:
  0 Rows successfully loaded.
  25 Rows not loaded due to data errors.
  0 Rows not loaded because all WHEN clauses were failed.
  0 Rows not loaded because all fields were null.


Space allocated for bind array:                  82560 bytes(64 rows)
Read   buffer bytes: 1048576

Total logical records skipped:          0
Total logical records read:            25
Total logical records rejected:        25
Total logical records discarded:        0

Run began on Mon May 08 01:50:06 2023
Run ended on Mon May 08 01:50:06 2023

Elapsed time was:     00:00:00.03
CPU time was:         00:00:00.00
