
SQL*Loader: Release 11.2.0.2.0 - Production on Wed Apr 19 23:05:43 2023

Copyright (c) 1982, 2009, Oracle and/or its affiliates.  All rights reserved.

Control File:   loadUsers.ctl
Data File:      ../data/users.csv
  Bad File:     users.bad
  Discard File:  none specified
 
 (Allow all discards)

Number to load: ALL
Number to skip: 0
Errors allowed: 50
Bind array:     64 rows, maximum of 256000 bytes
Continuation:    none specified
Path used:      Conventional

Table USERS, loaded from every logical record.
Insert option in effect for this table: APPEND

   Column Name                  Position   Len  Term Encl Datatype
------------------------------ ---------- ----- ---- ---- ---------------------
USER_ID                             FIRST     *   ,  O(") CHARACTER            
USERNAME                             NEXT     *   ,  O(") CHARACTER            
UPASSWORD                            NEXT     *   ,  O(") CHARACTER            
FIRST_NAME                           NEXT     *   ,  O(") CHARACTER            
LAST_NAME                            NEXT     *   ,  O(") CHARACTER            
BIRTHDAY                             NEXT     *   ,  O(") CHARACTER            
    SQL string for column : "TO_DATE(:birthday, 'YYYY-MM-DD')"
UHEIGHT                              NEXT     *   ,  O(") CHARACTER            
UWEIGHT                              NEXT     *   ,  O(") CHARACTER            
BMI                                  NEXT     *   ,  O(") CHARACTER            
NUM_PREG                             NEXT     *  WHT O(") CHARACTER            

Record 1: Rejected - Error on table USERS, column USER_ID.
ORA-01722: invalid number

Record 2: Rejected - Error on table USERS.
ORA-00001: unique constraint (TIMMY.SYS_C007435) violated

Record 3: Rejected - Error on table USERS.
ORA-00001: unique constraint (TIMMY.SYS_C007435) violated

Record 4: Rejected - Error on table USERS.
ORA-00001: unique constraint (TIMMY.SYS_C007435) violated

Record 5: Rejected - Error on table USERS.
ORA-00001: unique constraint (TIMMY.SYS_C007435) violated

Record 6: Rejected - Error on table USERS.
ORA-00001: unique constraint (TIMMY.SYS_C007435) violated

Record 7: Rejected - Error on table USERS.
ORA-00001: unique constraint (TIMMY.SYS_C007435) violated

Record 8: Rejected - Error on table USERS.
ORA-00001: unique constraint (TIMMY.SYS_C007435) violated

Record 9: Rejected - Error on table USERS.
ORA-00001: unique constraint (TIMMY.SYS_C007435) violated

Record 10: Rejected - Error on table USERS.
ORA-00001: unique constraint (TIMMY.SYS_C007435) violated

Record 11: Rejected - Error on table USERS.
ORA-00001: unique constraint (TIMMY.SYS_C007435) violated

Record 12: Rejected - Error on table USERS.
ORA-00001: unique constraint (TIMMY.SYS_C007435) violated

Record 13: Rejected - Error on table USERS.
ORA-00001: unique constraint (TIMMY.SYS_C007435) violated

Record 14: Rejected - Error on table USERS.
ORA-00001: unique constraint (TIMMY.SYS_C007435) violated

Record 15: Rejected - Error on table USERS.
ORA-00001: unique constraint (TIMMY.SYS_C007435) violated

Record 16: Rejected - Error on table USERS.
ORA-00001: unique constraint (TIMMY.SYS_C007435) violated

Record 17: Rejected - Error on table USERS.
ORA-00001: unique constraint (TIMMY.SYS_C007435) violated

Record 18: Rejected - Error on table USERS.
ORA-00001: unique constraint (TIMMY.SYS_C007435) violated

Record 19: Rejected - Error on table USERS.
ORA-00001: unique constraint (TIMMY.SYS_C007435) violated

Record 20: Rejected - Error on table USERS.
ORA-00001: unique constraint (TIMMY.SYS_C007435) violated

Record 21: Rejected - Error on table USERS.
ORA-00001: unique constraint (TIMMY.SYS_C007435) violated

Record 22: Rejected - Error on table USERS.
ORA-00001: unique constraint (TIMMY.SYS_C007435) violated

Record 23: Rejected - Error on table USERS.
ORA-00001: unique constraint (TIMMY.SYS_C007435) violated

Record 24: Rejected - Error on table USERS.
ORA-00001: unique constraint (TIMMY.SYS_C007435) violated

Record 25: Rejected - Error on table USERS.
ORA-00001: unique constraint (TIMMY.SYS_C007435) violated

Record 26: Rejected - Error on table USERS.
ORA-00001: unique constraint (TIMMY.SYS_C007435) violated

Record 27: Rejected - Error on table USERS.
ORA-00001: unique constraint (TIMMY.SYS_C007435) violated

Record 28: Rejected - Error on table USERS.
ORA-00001: unique constraint (TIMMY.SYS_C007435) violated

Record 29: Rejected - Error on table USERS.
ORA-00001: unique constraint (TIMMY.SYS_C007435) violated

Record 30: Rejected - Error on table USERS.
ORA-00001: unique constraint (TIMMY.SYS_C007435) violated

Record 31: Rejected - Error on table USERS.
ORA-00001: unique constraint (TIMMY.SYS_C007435) violated

Record 32: Rejected - Error on table USERS.
ORA-00001: unique constraint (TIMMY.SYS_C007435) violated

Record 33: Rejected - Error on table USERS.
ORA-00001: unique constraint (TIMMY.SYS_C007435) violated

Record 34: Rejected - Error on table USERS.
ORA-00001: unique constraint (TIMMY.SYS_C007435) violated

Record 35: Rejected - Error on table USERS.
ORA-00001: unique constraint (TIMMY.SYS_C007435) violated

Record 36: Rejected - Error on table USERS.
ORA-00001: unique constraint (TIMMY.SYS_C007435) violated

Record 37: Rejected - Error on table USERS.
ORA-00001: unique constraint (TIMMY.SYS_C007435) violated

Record 38: Rejected - Error on table USERS.
ORA-00001: unique constraint (TIMMY.SYS_C007435) violated

Record 39: Rejected - Error on table USERS.
ORA-00001: unique constraint (TIMMY.SYS_C007435) violated

Record 40: Rejected - Error on table USERS.
ORA-00001: unique constraint (TIMMY.SYS_C007435) violated

Record 41: Rejected - Error on table USERS.
ORA-00001: unique constraint (TIMMY.SYS_C007435) violated

Record 42: Rejected - Error on table USERS.
ORA-00001: unique constraint (TIMMY.SYS_C007435) violated

Record 43: Rejected - Error on table USERS.
ORA-00001: unique constraint (TIMMY.SYS_C007435) violated

Record 44: Rejected - Error on table USERS.
ORA-00001: unique constraint (TIMMY.SYS_C007435) violated

Record 45: Rejected - Error on table USERS.
ORA-00001: unique constraint (TIMMY.SYS_C007435) violated

Record 46: Rejected - Error on table USERS.
ORA-00001: unique constraint (TIMMY.SYS_C007435) violated

Record 47: Rejected - Error on table USERS.
ORA-00001: unique constraint (TIMMY.SYS_C007435) violated

Record 48: Rejected - Error on table USERS.
ORA-00001: unique constraint (TIMMY.SYS_C007435) violated

Record 49: Rejected - Error on table USERS.
ORA-00001: unique constraint (TIMMY.SYS_C007435) violated

Record 50: Rejected - Error on table USERS.
ORA-00001: unique constraint (TIMMY.SYS_C007435) violated

Record 51: Rejected - Error on table USERS.
ORA-00001: unique constraint (TIMMY.SYS_C007435) violated


MAXIMUM ERROR COUNT EXCEEDED - Above statistics reflect partial run.

Table USERS:
  0 Rows successfully loaded.
  51 Rows not loaded due to data errors.
  0 Rows not loaded because all WHEN clauses were failed.
  0 Rows not loaded because all fields were null.


Space allocated for bind array:                 165120 bytes(64 rows)
Read   buffer bytes: 1048576

Total logical records skipped:          0
Total logical records read:            64
Total logical records rejected:        51
Total logical records discarded:        0

Run began on Wed Apr 19 23:05:43 2023
Run ended on Wed Apr 19 23:05:43 2023

Elapsed time was:     00:00:00.04
CPU time was:         00:00:00.01
