
SQL*Loader: Release 11.2.0.2.0 - Production on Thu May 4 00:20:14 2023

Copyright (c) 1982, 2009, Oracle and/or its affiliates.  All rights reserved.

Control File:   loadStages.ctl
Data File:      ../data/stages.csv
  Bad File:     stages.bad
  Discard File:  none specified
 
 (Allow all discards)

Number to load: ALL
Number to skip: 0
Errors allowed: 50
Bind array:     64 rows, maximum of 256000 bytes
Continuation:    none specified
Path used:      Conventional

Table STAGE, loaded from every logical record.
Insert option in effect for this table: APPEND

   Column Name                  Position   Len  Term Encl Datatype
------------------------------ ---------- ----- ---- ---- ---------------------
STAGE_ID                            FIRST     *   ,  O(") CHARACTER            
STG_NAME                             NEXT     *   ,  O(") CHARACTER            

Record 1: Rejected - Error on table STAGE.
ORA-00001: unique constraint (RAMZI.SYS_C006987) violated

Record 2: Rejected - Error on table STAGE.
ORA-00001: unique constraint (RAMZI.SYS_C006987) violated

Record 3: Rejected - Error on table STAGE.
ORA-00001: unique constraint (RAMZI.SYS_C006987) violated

Record 4: Rejected - Error on table STAGE.
ORA-00001: unique constraint (RAMZI.SYS_C006987) violated


Table STAGE:
  0 Rows successfully loaded.
  4 Rows not loaded due to data errors.
  0 Rows not loaded because all WHEN clauses were failed.
  0 Rows not loaded because all fields were null.


Space allocated for bind array:                  33024 bytes(64 rows)
Read   buffer bytes: 1048576

Total logical records skipped:          0
Total logical records read:             4
Total logical records rejected:         4
Total logical records discarded:        0

Run began on Thu May 04 00:20:14 2023
Run ended on Thu May 04 00:20:14 2023

Elapsed time was:     00:00:00.16
CPU time was:         00:00:00.01
