
SQL*Loader: Release 11.2.0.2.0 - Production on Wed Apr 19 23:05:48 2023

Copyright (c) 1982, 2009, Oracle and/or its affiliates.  All rights reserved.

Control File:   loadCycles.ctl
Data File:      ../data/cleaned_cycles3.csv
  Bad File:     cleaned_cycles3.bad
  Discard File:  none specified
 
 (Allow all discards)

Number to load: ALL
Number to skip: 0
Errors allowed: 50
Bind array:     64 rows, maximum of 256000 bytes
Continuation:    none specified
Path used:      Conventional

Table CYCLE, loaded from every logical record.
Insert option in effect for this table: APPEND

   Column Name                  Position   Len  Term Encl Datatype
------------------------------ ---------- ----- ---- ---- ---------------------
CYLE_ID                             FIRST     *   ,  O(") CHARACTER            
USER_ID                              NEXT     *   ,  O(") CHARACTER            
CYLE_LENGTH                          NEXT     *   ,  O(") CHARACTER            
HEADACHE                             NEXT     *   ,  O(") CHARACTER            
CRAMPS                               NEXT     *   ,  O(") CHARACTER            
NAUSEA                               NEXT     *   ,  O(") CHARACTER            
FATIGUE                              NEXT     *   ,  O(") CHARACTER            
ACNE                                 NEXT     *   ,  O(") CHARACTER            
BLOATNG                              NEXT     *   ,  O(") CHARACTER            
PERIOD_START                         NEXT     *   ,  O(") CHARACTER            
    SQL string for column : "TO_DATE(:period_start, 'YYYY-MM-DD')"
PERIOD_END                           NEXT     *   ,  O(") CHARACTER            
    SQL string for column : "TO_DATE(:period_end, 'YYYY-MM-DD')"

Record 1: Rejected - Error on table CYCLE, column CYLE_ID.
ORA-01722: invalid number

Record 2: Rejected - Error on table CYCLE.
ORA-00001: unique constraint (TIMMY.SYS_C007437) violated

Record 3: Rejected - Error on table CYCLE.
ORA-00001: unique constraint (TIMMY.SYS_C007437) violated

Record 4: Rejected - Error on table CYCLE.
ORA-00001: unique constraint (TIMMY.SYS_C007437) violated

Record 47: Rejected - Error on table CYCLE.
ORA-00001: unique constraint (TIMMY.SYS_C007437) violated

Record 48: Rejected - Error on table CYCLE.
ORA-00001: unique constraint (TIMMY.SYS_C007437) violated

Record 49: Rejected - Error on table CYCLE.
ORA-00001: unique constraint (TIMMY.SYS_C007437) violated

Record 50: Rejected - Error on table CYCLE.
ORA-00001: unique constraint (TIMMY.SYS_C007437) violated

Record 51: Rejected - Error on table CYCLE.
ORA-00001: unique constraint (TIMMY.SYS_C007437) violated

Record 52: Rejected - Error on table CYCLE.
ORA-00001: unique constraint (TIMMY.SYS_C007437) violated

Record 53: Rejected - Error on table CYCLE.
ORA-00001: unique constraint (TIMMY.SYS_C007437) violated

Record 54: Rejected - Error on table CYCLE.
ORA-00001: unique constraint (TIMMY.SYS_C007437) violated

Record 55: Rejected - Error on table CYCLE.
ORA-00001: unique constraint (TIMMY.SYS_C007437) violated

Record 56: Rejected - Error on table CYCLE.
ORA-00001: unique constraint (TIMMY.SYS_C007437) violated

Record 57: Rejected - Error on table CYCLE.
ORA-00001: unique constraint (TIMMY.SYS_C007437) violated

Record 58: Rejected - Error on table CYCLE.
ORA-00001: unique constraint (TIMMY.SYS_C007437) violated

Record 59: Rejected - Error on table CYCLE.
ORA-00001: unique constraint (TIMMY.SYS_C007437) violated

Record 60: Rejected - Error on table CYCLE.
ORA-00001: unique constraint (TIMMY.SYS_C007437) violated

Record 61: Rejected - Error on table CYCLE.
ORA-00001: unique constraint (TIMMY.SYS_C007437) violated

Record 62: Rejected - Error on table CYCLE.
ORA-00001: unique constraint (TIMMY.SYS_C007437) violated

Record 63: Rejected - Error on table CYCLE.
ORA-00001: unique constraint (TIMMY.SYS_C007437) violated

Record 64: Rejected - Error on table CYCLE.
ORA-00001: unique constraint (TIMMY.SYS_C007437) violated

Record 65: Rejected - Error on table CYCLE.
ORA-00001: unique constraint (TIMMY.SYS_C007437) violated

Record 66: Rejected - Error on table CYCLE.
ORA-00001: unique constraint (TIMMY.SYS_C007437) violated

Record 67: Rejected - Error on table CYCLE.
ORA-00001: unique constraint (TIMMY.SYS_C007437) violated

Record 68: Rejected - Error on table CYCLE.
ORA-00001: unique constraint (TIMMY.SYS_C007437) violated

Record 69: Rejected - Error on table CYCLE.
ORA-00001: unique constraint (TIMMY.SYS_C007437) violated

Record 70: Rejected - Error on table CYCLE.
ORA-00001: unique constraint (TIMMY.SYS_C007437) violated

Record 71: Rejected - Error on table CYCLE.
ORA-00001: unique constraint (TIMMY.SYS_C007437) violated

Record 72: Rejected - Error on table CYCLE.
ORA-00001: unique constraint (TIMMY.SYS_C007437) violated

Record 73: Rejected - Error on table CYCLE.
ORA-00001: unique constraint (TIMMY.SYS_C007437) violated

Record 74: Rejected - Error on table CYCLE.
ORA-00001: unique constraint (TIMMY.SYS_C007437) violated

Record 75: Rejected - Error on table CYCLE.
ORA-00001: unique constraint (TIMMY.SYS_C007437) violated

Record 76: Rejected - Error on table CYCLE.
ORA-00001: unique constraint (TIMMY.SYS_C007437) violated

Record 77: Rejected - Error on table CYCLE.
ORA-00001: unique constraint (TIMMY.SYS_C007437) violated

Record 78: Rejected - Error on table CYCLE.
ORA-00001: unique constraint (TIMMY.SYS_C007437) violated

Record 79: Rejected - Error on table CYCLE.
ORA-00001: unique constraint (TIMMY.SYS_C007437) violated

Record 80: Rejected - Error on table CYCLE.
ORA-00001: unique constraint (TIMMY.SYS_C007437) violated

Record 81: Rejected - Error on table CYCLE.
ORA-00001: unique constraint (TIMMY.SYS_C007437) violated

Record 82: Rejected - Error on table CYCLE.
ORA-00001: unique constraint (TIMMY.SYS_C007437) violated

Record 83: Rejected - Error on table CYCLE.
ORA-00001: unique constraint (TIMMY.SYS_C007437) violated

Record 84: Rejected - Error on table CYCLE.
ORA-00001: unique constraint (TIMMY.SYS_C007437) violated

Record 85: Rejected - Error on table CYCLE.
ORA-00001: unique constraint (TIMMY.SYS_C007437) violated

Record 86: Rejected - Error on table CYCLE.
ORA-00001: unique constraint (TIMMY.SYS_C007437) violated

Record 87: Rejected - Error on table CYCLE.
ORA-00001: unique constraint (TIMMY.SYS_C007437) violated

Record 88: Rejected - Error on table CYCLE.
ORA-00001: unique constraint (TIMMY.SYS_C007437) violated

Record 89: Rejected - Error on table CYCLE.
ORA-00001: unique constraint (TIMMY.SYS_C007437) violated

Record 90: Rejected - Error on table CYCLE.
ORA-00001: unique constraint (TIMMY.SYS_C007437) violated

Record 91: Rejected - Error on table CYCLE.
ORA-00001: unique constraint (TIMMY.SYS_C007437) violated

Record 92: Rejected - Error on table CYCLE.
ORA-00001: unique constraint (TIMMY.SYS_C007437) violated

Record 93: Rejected - Error on table CYCLE.
ORA-00001: unique constraint (TIMMY.SYS_C007437) violated


MAXIMUM ERROR COUNT EXCEEDED - Above statistics reflect partial run.

Table CYCLE:
  42 Rows successfully loaded.
  51 Rows not loaded due to data errors.
  0 Rows not loaded because all WHEN clauses were failed.
  0 Rows not loaded because all fields were null.


Space allocated for bind array:                 181632 bytes(64 rows)
Read   buffer bytes: 1048576

Total logical records skipped:          0
Total logical records read:           128
Total logical records rejected:        51
Total logical records discarded:        0

Run began on Wed Apr 19 23:05:48 2023
Run ended on Wed Apr 19 23:05:48 2023

Elapsed time was:     00:00:00.04
CPU time was:         00:00:00.00
